<?xml version="1.0" encoding="UTF-8"?>
<testsuites name="Mocha Tests" time="1.509" tests="4" failures="4">
  <testsuite name="Root Suite" timestamp="2023-09-11T08:12:14" tests="0" file="cypress\e2e\4-Web-Driver-Uni\scroll-into-view.js" time="0.000" failures="0">
  </testsuite>
  <testsuite name="Test Mouse Actions" timestamp="2023-09-11T08:12:14" tests="4" time="1.495" failures="4">
    <testcase name="Test Mouse Actions Scroll Element into View" time="0.000" classname="Scroll Element into View">
      <failure message="`cy.visit()` failed trying to load:

/

We failed looking for this file at the path:

/Users/YounasHabibKHAN/Desktop/Cypress/

The internal Cypress web server responded with:

  &gt; 404: Not Found" type="CypressError"><![CDATA[CypressError: `cy.visit()` failed trying to load:

/

We failed looking for this file at the path:

/Users/YounasHabibKHAN/Desktop/Cypress/

The internal Cypress web server responded with:

  > 404: Not Found
    at <unknown> (http://localhost:57104/__cypress/runner/cypress_runner.js:147666:84)
    at visitFailedByErr (http://localhost:57104/__cypress/runner/cypress_runner.js:147074:12)
    at <unknown> (http://localhost:57104/__cypress/runner/cypress_runner.js:147649:13)
    at tryCatcher (http://localhost:57104/__cypress/runner/cypress_runner.js:18744:23)
    at Promise._settlePromiseFromHandler (http://localhost:57104/__cypress/runner/cypress_runner.js:16679:31)
    at Promise._settlePromise (http://localhost:57104/__cypress/runner/cypress_runner.js:16736:18)
    at Promise._settlePromise0 (http://localhost:57104/__cypress/runner/cypress_runner.js:16781:10)
    at Promise._settlePromises (http://localhost:57104/__cypress/runner/cypress_runner.js:16857:18)
    at _drainQueueStep (http://localhost:57104/__cypress/runner/cypress_runner.js:13451:12)
    at _drainQueue (http://localhost:57104/__cypress/runner/cypress_runner.js:13444:9)
    at ../../node_modules/bluebird/js/release/async.js.Async._drainQueues (http://localhost:57104/__cypress/runner/cypress_runner.js:13460:5)
    at Async.drainQueues (http://localhost:57104/__cypress/runner/cypress_runner.js:13330:14)
From Your Spec Code:
    at Context.eval (webpack:///./cypress/e2e/4-Web-Driver-Uni/scroll-into-view.js:5:7)]]></failure>
    </testcase>
    <testcase name="Test Mouse Actions Should be able to drag and drop draggable item" time="0.000" classname="Should be able to drag and drop draggable item">
      <failure message="`cy.visit()` failed trying to load:

/

We failed looking for this file at the path:

/Users/YounasHabibKHAN/Desktop/Cypress/

The internal Cypress web server responded with:

  &gt; 404: Not Found" type="CypressError"><![CDATA[CypressError: `cy.visit()` failed trying to load:

/

We failed looking for this file at the path:

/Users/YounasHabibKHAN/Desktop/Cypress/

The internal Cypress web server responded with:

  > 404: Not Found
    at <unknown> (http://localhost:57104/__cypress/runner/cypress_runner.js:147666:84)
    at visitFailedByErr (http://localhost:57104/__cypress/runner/cypress_runner.js:147074:12)
    at <unknown> (http://localhost:57104/__cypress/runner/cypress_runner.js:147649:13)
    at tryCatcher (http://localhost:57104/__cypress/runner/cypress_runner.js:18744:23)
    at Promise._settlePromiseFromHandler (http://localhost:57104/__cypress/runner/cypress_runner.js:16679:31)
    at Promise._settlePromise (http://localhost:57104/__cypress/runner/cypress_runner.js:16736:18)
    at Promise._settlePromise0 (http://localhost:57104/__cypress/runner/cypress_runner.js:16781:10)
    at Promise._settlePromises (http://localhost:57104/__cypress/runner/cypress_runner.js:16857:18)
    at _drainQueueStep (http://localhost:57104/__cypress/runner/cypress_runner.js:13451:12)
    at _drainQueue (http://localhost:57104/__cypress/runner/cypress_runner.js:13444:9)
    at ../../node_modules/bluebird/js/release/async.js.Async._drainQueues (http://localhost:57104/__cypress/runner/cypress_runner.js:13460:5)
    at Async.drainQueues (http://localhost:57104/__cypress/runner/cypress_runner.js:13330:14)
From Your Spec Code:
    at Context.eval (webpack:///./cypress/e2e/4-Web-Driver-Uni/scroll-into-view.js:12:7)]]></failure>
    </testcase>
    <testcase name="Test Mouse Actions Should be able to double mouse click" time="0.000" classname="Should be able to double mouse click">
      <failure message="`cy.visit()` failed trying to load:

/

We failed looking for this file at the path:

/Users/YounasHabibKHAN/Desktop/Cypress/

The internal Cypress web server responded with:

  &gt; 404: Not Found" type="CypressError"><![CDATA[CypressError: `cy.visit()` failed trying to load:

/

We failed looking for this file at the path:

/Users/YounasHabibKHAN/Desktop/Cypress/

The internal Cypress web server responded with:

  > 404: Not Found
    at <unknown> (http://localhost:57104/__cypress/runner/cypress_runner.js:147666:84)
    at visitFailedByErr (http://localhost:57104/__cypress/runner/cypress_runner.js:147074:12)
    at <unknown> (http://localhost:57104/__cypress/runner/cypress_runner.js:147649:13)
    at tryCatcher (http://localhost:57104/__cypress/runner/cypress_runner.js:18744:23)
    at Promise._settlePromiseFromHandler (http://localhost:57104/__cypress/runner/cypress_runner.js:16679:31)
    at Promise._settlePromise (http://localhost:57104/__cypress/runner/cypress_runner.js:16736:18)
    at Promise._settlePromise0 (http://localhost:57104/__cypress/runner/cypress_runner.js:16781:10)
    at Promise._settlePromises (http://localhost:57104/__cypress/runner/cypress_runner.js:16857:18)
    at _drainQueueStep (http://localhost:57104/__cypress/runner/cypress_runner.js:13451:12)
    at _drainQueue (http://localhost:57104/__cypress/runner/cypress_runner.js:13444:9)
    at ../../node_modules/bluebird/js/release/async.js.Async._drainQueues (http://localhost:57104/__cypress/runner/cypress_runner.js:13460:5)
    at Async.drainQueues (http://localhost:57104/__cypress/runner/cypress_runner.js:13330:14)
From Your Spec Code:
    at Context.eval (webpack:///./cypress/e2e/4-Web-Driver-Uni/scroll-into-view.js:22:7)]]></failure>
    </testcase>
    <testcase name="Test Mouse Actions Should be able to hold down left mouse click on item" time="0.000" classname="Should be able to hold down left mouse click on item">
      <failure message="`cy.visit()` failed trying to load:

/

We failed looking for this file at the path:

/Users/YounasHabibKHAN/Desktop/Cypress/

The internal Cypress web server responded with:

  &gt; 404: Not Found" type="CypressError"><![CDATA[CypressError: `cy.visit()` failed trying to load:

/

We failed looking for this file at the path:

/Users/YounasHabibKHAN/Desktop/Cypress/

The internal Cypress web server responded with:

  > 404: Not Found
    at <unknown> (http://localhost:57104/__cypress/runner/cypress_runner.js:147666:84)
    at visitFailedByErr (http://localhost:57104/__cypress/runner/cypress_runner.js:147074:12)
    at <unknown> (http://localhost:57104/__cypress/runner/cypress_runner.js:147649:13)
    at tryCatcher (http://localhost:57104/__cypress/runner/cypress_runner.js:18744:23)
    at Promise._settlePromiseFromHandler (http://localhost:57104/__cypress/runner/cypress_runner.js:16679:31)
    at Promise._settlePromise (http://localhost:57104/__cypress/runner/cypress_runner.js:16736:18)
    at Promise._settlePromise0 (http://localhost:57104/__cypress/runner/cypress_runner.js:16781:10)
    at Promise._settlePromises (http://localhost:57104/__cypress/runner/cypress_runner.js:16857:18)
    at _drainQueueStep (http://localhost:57104/__cypress/runner/cypress_runner.js:13451:12)
    at _drainQueue (http://localhost:57104/__cypress/runner/cypress_runner.js:13444:9)
    at ../../node_modules/bluebird/js/release/async.js.Async._drainQueues (http://localhost:57104/__cypress/runner/cypress_runner.js:13460:5)
    at Async.drainQueues (http://localhost:57104/__cypress/runner/cypress_runner.js:13330:14)
From Your Spec Code:
    at Context.eval (webpack:///./cypress/e2e/4-Web-Driver-Uni/scroll-into-view.js:30:7)]]></failure>
    </testcase>
  </testsuite>
</testsuites>