<?xml version="1.0" encoding="UTF-8"?>
<testsuites name="Mocha Tests" time="16.722" tests="1" failures="1">
  <testsuite name="Root Suite" timestamp="2023-09-11T08:09:59" tests="0" file="cypress\e2e\4-Web-Driver-Uni\browser-navigation.js" time="0.000" failures="0">
  </testsuite>
  <testsuite name="Validate webdriveruni homepage links" timestamp="2023-09-11T08:09:59" tests="1" time="16.694" failures="1">
    <testcase name="Validate webdriveruni homepage links Confirm links redirect to the correct pages" time="0.000" classname="Confirm links redirect to the correct pages">
      <failure message="Timed out retrying after 10000ms: Expected to find element: `#contact-us`, but never found it." type="AssertionError"><![CDATA[AssertionError: Timed out retrying after 10000ms: Expected to find element: `#contact-us`, but never found it.
    at Context.eval (webpack:///./cypress/e2e/4-Web-Driver-Uni/browser-navigation.js:10:7)]]></failure>
    </testcase>
  </testsuite>
</testsuites>